<?xml version="1.0" encoding="UTF-8"?>
<!-- Generated by org.testng.reporters.JUnitReportReporter -->
<testsuite hostname="GUR00184300L" failures="0" tests="1" name="MavenProject.MavenClass" time="0.025" errors="0" timestamp="2023-02-01T15:17:42 IST" skipped="0">
  <testcase classname="MavenProject.MavenClass" name="MavenClass" time="0.025"/>
  <system-out/>
</testsuite> <!-- MavenProject.MavenClass -->
