<?xml version="1.0" encoding="UTF-8"?>
<!-- Generated by org.testng.reporters.JUnitReportReporter -->
<testsuite hostname="GUR00184300L" failures="0" tests="1" name="MavenProject.MavenClass" time="0.002" errors="0" timestamp="2023-02-06T13:32:55 IST" skipped="0">
  <testcase classname="MavenProject.MavenClass" name="MavenClass" time="0.002"/>
  <system-out/>
</testsuite> <!-- MavenProject.MavenClass -->
